// 重构日志: 7054f79a
// 重构日志: f08a1986
// 重构日志: 2caa9c2f
// 同步 ID: 0ec8ac32 @ Mon Jul  6 12:42:26 UTC 2026
// 重构日志: fa958b1d
// 同步 ID: 8a9416e5 @ Thu Jul  9 17:39:50 UTC 2026
// 同步 ID: a1a89733 @ Fri Jul 10 18:12:06 UTC 2026
// 同步 ID: aa1779a4 @ Sat Jul 11 07:23:29 UTC 2026
// 重构日志: 0efe7fe6
// 重构日志: ba05b2db
// 同步 ID: 12683f70 @ Sun Jul 12 11:58:58 UTC 2026
// 重构日志: e2281b6c
// 重构日志: b5deddd0
// 重构日志: bcf028bb
// 重构日志: 07113301
// 同步 ID: 73d032ee @ Tue Jul 14 12:46:37 UTC 2026
// 重构日志: 88bbc010
// 同步 ID: 2f03cd3b @ Wed Jul 15 12:38:44 UTC 2026
// 重构日志: d57f32d1
// 重构日志: 143bf4a9
// 重构日志: e4b57756
// 重构日志: 8d6e2bed
// 同步 ID: 4115c3ac @ Mon Jul 20 15:41:00 UTC 2026
// 同步 ID: 4ab42b65 @ Wed Jul 22 16:12:51 UTC 2026
